<?xml version="1.0" encoding="UTF-8"?>
<testng-results ignored="0" total="2" passed="2" failed="0" skipped="0">
  <reporter-output>
  </reporter-output>
  <suite started-at="2024-02-28T15:25:29Z" name="Suite" finished-at="2024-02-28T15:25:29Z" duration-ms="24">
    <groups>
    </groups>
    <test started-at="2024-02-28T15:25:29Z" name="Test" finished-at="2024-02-28T15:25:29Z" duration-ms="24">
      <class name="SmokeTest.Smoke">
        <test-method signature="test()[pri:0, instance:SmokeTest.Smoke@18a70f16]" started-at="2024-02-28T15:25:29Z" name="test" finished-at="2024-02-28T15:25:29Z" duration-ms="0" status="PASS">
          <reporter-output>
          </reporter-output>
        </test-method> <!-- test -->
      </class> <!-- SmokeTest.Smoke -->
      <class name="RegressionTest.Regression">
        <test-method signature="test()[pri:0, instance:RegressionTest.Regression@51b7e5df]" started-at="2024-02-28T15:25:29Z" name="test" finished-at="2024-02-28T15:25:29Z" duration-ms="5" status="PASS">
          <reporter-output>
          </reporter-output>
        </test-method> <!-- test -->
      </class> <!-- RegressionTest.Regression -->
    </test> <!-- Test -->
  </suite> <!-- Suite -->
</testng-results>
