<?xml version="1.0" encoding="UTF-8"?>
<testng-results ignored="0" total="1" passed="1" failed="0" skipped="0">
  <reporter-output>
  </reporter-output>
  <suite started-at="2024-03-03T06:38:06Z" name="Default suite" finished-at="2024-03-03T06:38:06Z" duration-ms="37">
    <groups>
    </groups>
    <test started-at="2024-03-03T06:38:06Z" name="Default test" finished-at="2024-03-03T06:38:06Z" duration-ms="37">
      <class name="RegressionTest.Regression">
        <test-method signature="test()[pri:0, instance:RegressionTest.Regression@5a59ca5e]" started-at="2024-03-03T06:38:06Z" name="test" finished-at="2024-03-03T06:38:06Z" duration-ms="10" status="PASS">
          <reporter-output>
          </reporter-output>
        </test-method> <!-- test -->
      </class> <!-- RegressionTest.Regression -->
    </test> <!-- Default test -->
  </suite> <!-- Default suite -->
</testng-results>
