<?xml version="1.0" encoding="UTF-8"?>
<testng-results ignored="0" total="2" passed="2" failed="0" skipped="0">
  <reporter-output>
  </reporter-output>
  <suite started-at="2024-02-28T15:15:57Z" name="Suite" finished-at="2024-02-28T15:15:57Z" duration-ms="44">
    <groups>
    </groups>
    <test started-at="2024-02-28T15:15:57Z" name="Test" finished-at="2024-02-28T15:15:57Z" duration-ms="44">
      <class name="SmokeTest.Smoke">
        <test-method signature="test()[pri:0, instance:SmokeTest.Smoke@2b6faea6]" started-at="2024-02-28T15:15:57Z" name="test" finished-at="2024-02-28T15:15:57Z" duration-ms="1" status="PASS">
          <reporter-output>
          </reporter-output>
        </test-method> <!-- test -->
      </class> <!-- SmokeTest.Smoke -->
      <class name="RegressionTest.Regression">
        <test-method signature="test()[pri:0, instance:RegressionTest.Regression@1e802ef9]" started-at="2024-02-28T15:15:57Z" name="test" finished-at="2024-02-28T15:15:57Z" duration-ms="14" status="PASS">
          <reporter-output>
          </reporter-output>
        </test-method> <!-- test -->
      </class> <!-- RegressionTest.Regression -->
    </test> <!-- Test -->
  </suite> <!-- Suite -->
</testng-results>
